<?xml version="1.0" encoding="UTF-8"?>
<!-- Generated by org.testng.reporters.JUnitReportReporter -->
<testsuite hostname="Himanis-MacBook-Air.local" failures="0" tests="1" name="testcases.EcommAPITest" time="8.829" errors="0" timestamp="2024-08-12T10:57:45 EDT" skipped="0">
  <testcase classname="testcases.EcommAPITest" name="ecommTest" time="8.829"/>
</testsuite> <!-- testcases.EcommAPITest -->
